<?xml version="1.0" encoding="UTF-8"?>
<testsuite name="com.BridgeLabz.MoodAnalyzerTest.MoodAnalyzerTest" tests="4" skipped="0" failures="0" errors="0" timestamp="2022-01-10T16:50:46" hostname="VIVEK" time="0.049">
  <properties/>
  <testcase name="givenMessage_WhenSad_ShouldReturnSad()" classname="com.BridgeLabz.MoodAnalyzerTest.MoodAnalyzerTest" time="0.041"/>
  <testcase name="givenMessage_WhenHappy_ShouldReturnHappy()" classname="com.BridgeLabz.MoodAnalyzerTest.MoodAnalyzerTest" time="0.002"/>
  <testcase name="givenEmptyMood_ShouldReturnHappy()" classname="com.BridgeLabz.MoodAnalyzerTest.MoodAnalyzerTest" time="0.002"/>
  <testcase name="givenNullMood_ShouldReturnHappy()" classname="com.BridgeLabz.MoodAnalyzerTest.MoodAnalyzerTest" time="0.001"/>
  <system-out><![CDATA[]]></system-out>
  <system-err><![CDATA[]]></system-err>
</testsuite>
