<?xml version="1.0" encoding="UTF-8"?>
<testsuite name="com.BridgeLabz.IndianStateCensusAnalyzer.IndianStateCodeTest" tests="4" skipped="0" failures="0" errors="0" timestamp="2022-02-01T15:06:39" hostname="VIVEK" time="0.401">
  <properties/>
  <testcase name="givenWrongFileExtention_ShouldReturnWrongFileType()" classname="com.BridgeLabz.IndianStateCensusAnalyzer.IndianStateCodeTest" time="0.051"/>
  <testcase name="givenWrongFileHeaders_ShouldReturnWrongHeader()" classname="com.BridgeLabz.IndianStateCensusAnalyzer.IndianStateCodeTest" time="0.029"/>
  <testcase name="givenReadDataFromIndianCensus_ShouldReturnCountDataPresentInFile()" classname="com.BridgeLabz.IndianStateCensusAnalyzer.IndianStateCodeTest" time="0.304"/>
  <testcase name="givenWrongFile_ShouldReturnFileNotFound()" classname="com.BridgeLabz.IndianStateCensusAnalyzer.IndianStateCodeTest" time="0.007"/>
  <system-out><![CDATA[]]></system-out>
  <system-err><![CDATA[]]></system-err>
</testsuite>
