<?xml version="1.0" encoding="UTF-8"?>
<testsuite name="com.BridgeLabz.EmployeePayroll.EmployeePayrollServiceTest" tests="2" skipped="0" failures="0" errors="0" timestamp="2022-01-17T12:27:43" hostname="VIVEK" time="0.068">
  <properties/>
  <testcase name="givenFile_WhenRead_ShouldReturnNumberOfEntries()" classname="com.BridgeLabz.EmployeePayroll.EmployeePayrollServiceTest" time="0.048"/>
  <testcase name="given3Employees_WhenWrittenToFile_ShouldMatchEmployeeEntries()" classname="com.BridgeLabz.EmployeePayroll.EmployeePayrollServiceTest" time="0.016"/>
  <system-out><![CDATA[Employee Details from payroll-file.txt
EmployeeId: 1, EmployeeName: Jeff Bezos, EmployeeSalary: 100000.0
EmployeeId: 2, EmployeeName: Bill Gates, EmployeeSalary: 200000.0
EmployeeId: 3, EmployeeName: Mark Zuckerberg, EmployeeSalary: 300000.0
EmployeeId: 1, EmployeeName: Jeff Bezos, EmployeeSalary: 100000.0
EmployeeId: 2, EmployeeName: Bill Gates, EmployeeSalary: 200000.0
EmployeeId: 3, EmployeeName: Mark Zuckerberg, EmployeeSalary: 300000.0
]]></system-out>
  <system-err><![CDATA[]]></system-err>
</testsuite>
